<?xml version="1.0" encoding="UTF-8"?>
<!-- Generated by org.testng.reporters.JUnitReportReporter -->
<testsuite hostname="Deepu" name="helper.PdfHandling" tests="1" failures="0" timestamp="7 Mar 2021 11:38:47 GMT" time="26.935" errors="0">
  <testcase name="verifyContentInPDf" time="26.935" classname="helper.PdfHandling"/>
</testsuite> <!-- helper.PdfHandling -->
