<?xml version="1.0" encoding="UTF-8"?>
<!-- Generated by org.testng.reporters.JUnitReportReporter -->
<testsuite hostname="Deepu" name="runner.Testtestng" tests="1" failures="0" timestamp="1 Mar 2021 13:12:35 GMT" time="0.014" errors="0">
  <testcase name="test1" time="0.014" classname="runner.Testtestng"/>
</testsuite> <!-- runner.Testtestng -->
